                                 Started job on |	May 17 02:10:59
                             Started mapping on |	May 17 02:11:05
                                    Finished on |	May 17 02:15:00
       Mapping speed, Million of reads per hour |	389.26

                          Number of input reads |	25410034
                      Average input read length |	129
                                    UNIQUE READS:
                   Uniquely mapped reads number |	23678699
                        Uniquely mapped reads % |	93.19%
                          Average mapped length |	126.80
                       Number of splices: Total |	10129453
            Number of splices: Annotated (sjdb) |	10053547
                       Number of splices: GT/AG |	10019647
                       Number of splices: GC/AG |	91034
                       Number of splices: AT/AC |	9493
               Number of splices: Non-canonical |	9279
                      Mismatch rate per base, % |	0.28%
                         Deletion rate per base |	0.01%
                        Deletion average length |	1.21
                        Insertion rate per base |	0.00%
                       Insertion average length |	1.27
                             MULTI-MAPPING READS:
        Number of reads mapped to multiple loci |	1716038
             % of reads mapped to multiple loci |	6.75%
        Number of reads mapped to too many loci |	15259
             % of reads mapped to too many loci |	0.06%
                                  UNMAPPED READS:
  Number of reads unmapped: too many mismatches |	0
       % of reads unmapped: too many mismatches |	0.00%
            Number of reads unmapped: too short |	23
                 % of reads unmapped: too short |	0.00%
                Number of reads unmapped: other |	15
                     % of reads unmapped: other |	0.00%
                                  CHIMERIC READS:
                       Number of chimeric reads |	0
                            % of chimeric reads |	0.00%
