                                 Started job on |	May 17 02:18:45
                             Started mapping on |	May 17 02:18:55
                                    Finished on |	May 17 02:22:47
       Mapping speed, Million of reads per hour |	393.67

                          Number of input reads |	25369937
                      Average input read length |	129
                                    UNIQUE READS:
                   Uniquely mapped reads number |	22772472
                        Uniquely mapped reads % |	89.76%
                          Average mapped length |	126.43
                       Number of splices: Total |	9935751
            Number of splices: Annotated (sjdb) |	9866543
                       Number of splices: GT/AG |	9825160
                       Number of splices: GC/AG |	88984
                       Number of splices: AT/AC |	10354
               Number of splices: Non-canonical |	11253
                      Mismatch rate per base, % |	0.29%
                         Deletion rate per base |	0.01%
                        Deletion average length |	1.21
                        Insertion rate per base |	0.00%
                       Insertion average length |	1.27
                             MULTI-MAPPING READS:
        Number of reads mapped to multiple loci |	2565489
             % of reads mapped to multiple loci |	10.11%
        Number of reads mapped to too many loci |	31910
             % of reads mapped to too many loci |	0.13%
                                  UNMAPPED READS:
  Number of reads unmapped: too many mismatches |	0
       % of reads unmapped: too many mismatches |	0.00%
            Number of reads unmapped: too short |	60
                 % of reads unmapped: too short |	0.00%
                Number of reads unmapped: other |	6
                     % of reads unmapped: other |	0.00%
                                  CHIMERIC READS:
                       Number of chimeric reads |	0
                            % of chimeric reads |	0.00%
