                                 Started job on |	May 17 02:03:31
                             Started mapping on |	May 17 02:03:40
                                    Finished on |	May 17 02:07:06
       Mapping speed, Million of reads per hour |	472.42

                          Number of input reads |	27033004
                      Average input read length |	130
                                    UNIQUE READS:
                   Uniquely mapped reads number |	25142290
                        Uniquely mapped reads % |	93.01%
                          Average mapped length |	127.16
                       Number of splices: Total |	10139142
            Number of splices: Annotated (sjdb) |	10060262
                       Number of splices: GT/AG |	10028191
                       Number of splices: GC/AG |	93378
                       Number of splices: AT/AC |	8101
               Number of splices: Non-canonical |	9472
                      Mismatch rate per base, % |	0.29%
                         Deletion rate per base |	0.01%
                        Deletion average length |	1.21
                        Insertion rate per base |	0.00%
                       Insertion average length |	1.28
                             MULTI-MAPPING READS:
        Number of reads mapped to multiple loci |	1876275
             % of reads mapped to multiple loci |	6.94%
        Number of reads mapped to too many loci |	14380
             % of reads mapped to too many loci |	0.05%
                                  UNMAPPED READS:
  Number of reads unmapped: too many mismatches |	0
       % of reads unmapped: too many mismatches |	0.00%
            Number of reads unmapped: too short |	47
                 % of reads unmapped: too short |	0.00%
                Number of reads unmapped: other |	12
                     % of reads unmapped: other |	0.00%
                                  CHIMERIC READS:
                       Number of chimeric reads |	0
                            % of chimeric reads |	0.00%
